app/build/outputs/logs/manifest-merger-debug-report.txt
-- Merging decision tree log ---
manifest
ADDED from src\main\AndroidManifest.xml:2:1-40:12
INJECTED from src\main\AndroidManifest.xml:2:1-40:12
INJECTED from src\main\AndroidManifest.xml:2:1-40:12
INJECTED from src\main\AndroidManifest.xml:2:1-40:12
MERGED from [androidx.compose.material3:material3:1.1.1] AndroidManifest.xml:17:1-22:12
MERGED from [androidx.hilt:hilt-navigation-compose:1.2.0] AndroidManifest.xml:2:1-7:12
MERGED from [androidx.hilt:hilt-navigation:1.2.0] AndroidManifest.xml:2:1-7:12
MERGED from [com.google.dagger:hilt-android:2.49] AndroidManifest.xml:16:1-19:12
MERGED from [com.google.firebase:firebase-messaging:24.0.0] AndroidManifest.xml:17:1-66:12
MERGED from [com.google.android.gms:play-services-base:18.0.1] AndroidManifest.xml:16:1-24:12
MERGED from [com.google.firebase:firebase-installations:17.2.0] AndroidManifest.xml:2:1-24:12
MERGED from [com.google.firebase:firebase-common-ktx:21.0.0] AndroidManifest.xml:2:1-18:12
MERGED from [com.google.firebase:firebase-common:21.0.0] AndroidManifest.xml:15:1-41:12
MERGED from [com.google.firebase:firebase-iid-interop:17.1.0] AndroidManifest.xml:2:1-10:12
MERGED from [com.google.firebase:firebase-measurement-connector:19.0.0] AndroidManifest.xml:17:1-25:12
MERGED from [com.google.android.gms:play-services-cloud-messaging:17.2.0] AndroidManifest.xml:2:1-13:12
MERGED from [com.google.android.gms:play-services-stats:17.0.2] AndroidManifest.xml:2:1-9:12
MERGED from [com.google.firebase:firebase-installations-interop:17.1.1] AndroidManifest.xml:15:1-19:12
MERGED from [androidx.datastore:datastore-rxjava2:1.0.0] AndroidManifest.xml:17:1-24:12
MERGED from [androidx.datastore:datastore-rxjava3:1.0.0] AndroidManifest.xml:17:1-24:12
MERGED from [androidx.datastore:datastore:1.0.0] AndroidManifest.xml:17:1-24:12
MERGED from [androidx.navigation:navigation-compose:2.5.1] AndroidManifest.xml:17:1-24:12
MERGED from [androidx.legacy:legacy-support-core-utils:1.0.0] AndroidManifest.xml:17:1-22:12
MERGED from [androidx.loader:loader:1.0.0] AndroidManifest.xml:17:1-22:12
MERGED from [com.google.accompanist:accompanist-swiperefresh:0.27.0] AndroidManifest.xml:17:1-24:12
MERGED from [androidx.compose.material:material-ripple-android:1.6.4] AndroidManifest.xml:2:1-7:12
MERGED from [androidx.compose.animation:animation-core-android:1.6.4] AndroidManifest.xml:2:1-7:12
MERGED from [androidx.compose.animation:animation-android:1.6.4] AndroidManifest.xml:2:1-7:12
MERGED from [androidx.compose.foundation:foundation-layout-android:1.6.4] AndroidManifest.xml:2:1-7:12
MERGED from [androidx.compose.foundation:foundation-android:1.6.4] AndroidManifest.xml:2:1-7:12
MERGED from [androidx.compose.ui:ui-tooling-data-android:1.6.4] AndroidManifest.xml:2:1-7:12
MERGED from [androidx.compose.ui:ui-unit-android:1.6.4] AndroidManifest.xml:2:1-7:12
MERGED from [androidx.compose.ui:ui-tooling-preview-android:1.6.4] AndroidManifest.xml:17:1-22:12
MERGED from [androidx.compose.ui:ui-graphics-android:1.6.4] AndroidManifest.xml:2:1-7:12
MERGED from [androidx.compose.ui:ui-geometry-android:1.6.4] AndroidManifest.xml:2:1-7:12
MERGED from [androidx.compose.ui:ui-test-manifest:1.6.4] AndroidManifest.xml:17:1-28:12
MERGED from [androidx.compose.ui:ui-util-android:1.6.4] AndroidManifest.xml:2:1-7:12
MERGED from [androidx.compose.ui:ui-text-android:1.6.4] AndroidManifest.xml:2:1-7:12
MERGED from [androidx.compose.ui:ui-tooling-android:1.6.4] AndroidManifest.xml:17:1-28:12
MERGED from [androidx.compose.material:material-android:1.6.4] AndroidManifest.xml:2:1-7:12
MERGED from [androidx.compose.material:material-icons-extended-android:1.6.4] AndroidManifest.xml:2:1-7:12
MERGED from [androidx.compose.material:material-icons-core-android:1.6.4] AndroidManifest.xml:2:1-7:12
MERGED from [androidx.compose.ui:ui-android:1.6.4] AndroidManifest.xml:2:1-7:12
MERGED from [androidx.emoji2:emoji2:1.3.0] AndroidManifest.xml:17:1-35:12
MERGED from [androidx.lifecycle:lifecycle-process:2.7.0] AndroidManifest.xml:17:1-35:12
MERGED from [androidx.lifecycle:lifecycle-livedata-core-ktx:2.7.0] AndroidManifest.xml:2:1-7:12
MERGED from [androidx.lifecycle:lifecycle-livedata:2.7.0] AndroidManifest.xml:17:1-22:12
MERGED from [androidx.lifecycle:lifecycle-livedata-core:2.7.0] AndroidManifest.xml:17:1-22:12
MERGED from [androidx.navigation:navigation-runtime-ktx:2.5.1] AndroidManifest.xml:17:1-24:12
MERGED from [androidx.navigation:navigation-runtime:2.5.1] AndroidManifest.xml:17:1-24:12
MERGED from [androidx.navigation:navigation-common-ktx:2.5.1] AndroidManifest.xml:17:1-24:12
MERGED from [androidx.navigation:navigation-common:2.5.1] AndroidManifest.xml:17:1-24:12
MERGED from [androidx.lifecycle:lifecycle-viewmodel-ktx:2.7.0] AndroidManifest.xml:2:1-7:12
MERGED from [androidx.lifecycle:lifecycle-viewmodel-compose:2.7.0] AndroidManifest.xml:2:1-7:12
MERGED from [androidx.lifecycle:lifecycle-viewmodel-savedstate:2.7.0] AndroidManifest.xml:17:1-22:12
MERGED from [androidx.lifecycle:lifecycle-viewmodel:2.7.0] AndroidManifest.xml:17:1-22:12
MERGED from [androidx.savedstate:savedstate-ktx:1.2.1] AndroidManifest.xml:17:1-22:12
MERGED from [androidx.savedstate:savedstate:1.2.1] AndroidManifest.xml:17:1-22:12
MERGED from [androidx.compose.runtime:runtime-saveable-android:1.6.4] AndroidManifest.xml:2:1-7:12
MERGED from [androidx.compose.runtime:runtime-android:1.6.4] AndroidManifest.xml:2:1-7:12
MERGED from [com.google.android.gms:play-services-tasks:18.1.0] AndroidManifest.xml:2:1-6:12
MERGED from [com.google.android.gms:play-services-basement:18.3.0] AndroidManifest.xml:16:1-26:12
MERGED from [androidx.fragment:fragment:1.5.1] AndroidManifest.xml:17:1-24:12
MERGED from [androidx.activity:activity:1.8.2] AndroidManifest.xml:17:1-22:12
MERGED from [androidx.activity:activity-compose:1.8.2] AndroidManifest.xml:2:1-7:12
MERGED from [androidx.activity:activity-ktx:1.8.2] AndroidManifest.xml:2:1-7:12
MERGED from [androidx.customview:customview-poolingcontainer:1.0.0] AndroidManifest.xml:17:1-23:12
MERGED from [androidx.core:core-ktx:1.12.0] AndroidManifest.xml:2:1-7:12
MERGED from [androidx.viewpager:viewpager:1.0.0] AndroidManifest.xml:17:1-22:12
MERGED from [androidx.customview:customview:1.0.0] AndroidManifest.xml:17:1-22:12
MERGED from [androidx.autofill:autofill:1.0.0] AndroidManifest.xml:17:1-24:12
MERGED from [androidx.core:core:1.12.0] AndroidManifest.xml:17:1-30:12
MERGED from [androidx.lifecycle:lifecycle-runtime:2.7.0] AndroidManifest.xml:2:1-7:12
MERGED from [androidx.lifecycle:lifecycle-runtime-ktx:2.7.0] AndroidManifest.xml:17:1-22:12
MERGED from [androidx.room:room-runtime:2.6.1] AndroidManifest.xml:17:1-31:12
MERGED from [androidx.room:room-ktx:2.6.1] AndroidManifest.xml:17:1-22:12
MERGED from [androidx.annotation:annotation-experimental:1.3.1] AndroidManifest.xml:17:1-22:12
MERGED from [androidx.sqlite:sqlite-framework:2.4.0] AndroidManifest.xml:17:1-22:12
MERGED from [androidx.sqlite:sqlite:2.4.0] AndroidManifest.xml:17:1-22:12
MERGED from [androidx.versionedparcelable:versionedparcelable:1.1.1] AndroidManifest.xml:17:1-27:12
MERGED from [com.google.firebase:firebase-components:18.0.0] AndroidManifest.xml:15:1-20:12
MERGED from [com.google.firebase:firebase-datatransport:18.2.0] AndroidManifest.xml:15:1-31:12
MERGED from [com.google.android.datatransport:transport-backend-cct:3.1.9] AndroidManifest.xml:15:1-37:12
MERGED from [com.google.firebase:firebase-encoders-json:18.0.0] AndroidManifest.xml:15:1-23:12
MERGED from [com.google.android.datatransport:transport-runtime:3.1.9] AndroidManifest.xml:15:1-41:12
MERGED from [com.google.android.datatransport:transport-api:3.1.0] AndroidManifest.xml:15:1-20:12
MERGED from [androidx.arch.core:core-runtime:2.2.0] AndroidManifest.xml:17:1-22:12
MERGED from [androidx.interpolator:interpolator:1.0.0] AndroidManifest.xml:17:1-22:12
MERGED from [androidx.profileinstaller:profileinstaller:1.3.0] AndroidManifest.xml:17:1-55:12
MERGED from [androidx.startup:startup-runtime:1.1.1] AndroidManifest.xml:17:1-33:12
MERGED from [androidx.tracing:tracing:1.0.0] AndroidManifest.xml:17:1-24:12
MERGED from [androidx.documentfile:documentfile:1.0.0] AndroidManifest.xml:17:1-22:12
MERGED from [androidx.localbroadcastmanager:localbroadcastmanager:1.0.0] AndroidManifest.xml:17:1-22:12
MERGED from [androidx.print:print:1.0.0] AndroidManifest.xml:17:1-22:12
MERGED from [com.google.dagger:dagger-lint-aar:2.49] AndroidManifest.xml:16:1-19:12
	package
		INJECTED from src\main\AndroidManifest.xml
	android:versionName
		INJECTED from src\main\AndroidManifest.xml
	xmlns:tools
		ADDED from src\main\AndroidManifest.xml:3:5-51
	android:versionCode
		INJECTED from src\main\AndroidManifest.xml
	xmlns:android
		ADDED from src\main\AndroidManifest.xml:2:11-69
uses-permission#android.permission.ACCESS_NETWORK_STATE
ADDED from src\main\AndroidManifest.xml:5:5-79
MERGED from [com.google.firebase:firebase-messaging:24.0.0] AndroidManifest.xml:22:5-79
MERGED from [com.google.firebase:firebase-messaging:24.0.0] AndroidManifest.xml:22:5-79
MERGED from [com.google.firebase:firebase-installations:17.2.0] AndroidManifest.xml:7:5-79
MERGED from [com.google.firebase:firebase-installations:17.2.0] AndroidManifest.xml:7:5-79
MERGED from [com.google.android.gms:play-services-cloud-messaging:17.2.0] AndroidManifest.xml:7:5-79
MERGED from [com.google.android.gms:play-services-cloud-messaging:17.2.0] AndroidManifest.xml:7:5-79
MERGED from [com.google.android.datatransport:transport-backend-cct:3.1.9] AndroidManifest.xml:24:5-79
MERGED from [com.google.android.datatransport:transport-backend-cct:3.1.9] AndroidManifest.xml:24:5-79
MERGED from [com.google.android.datatransport:transport-runtime:3.1.9] AndroidManifest.xml:22:5-79
MERGED from [com.google.android.datatransport:transport-runtime:3.1.9] AndroidManifest.xml:22:5-79
	android:name
		ADDED from src\main\AndroidManifest.xml:5:22-76
uses-permission#android.permission.INTERNET
ADDED from src\main\AndroidManifest.xml:6:5-67
MERGED from [com.google.firebase:firebase-installations:17.2.0] AndroidManifest.xml:8:5-67
MERGED from [com.google.firebase:firebase-installations:17.2.0] AndroidManifest.xml:8:5-67
MERGED from [com.google.android.gms:play-services-cloud-messaging:17.2.0] AndroidManifest.xml:8:5-67
MERGED from [com.google.android.gms:play-services-cloud-messaging:17.2.0] AndroidManifest.xml:8:5-67
MERGED from [com.google.android.datatransport:transport-backend-cct:3.1.9] AndroidManifest.xml:25:5-67
MERGED from [com.google.android.datatransport:transport-backend-cct:3.1.9] AndroidManifest.xml:25:5-67
	android:name
		ADDED from src\main\AndroidManifest.xml:6:22-64
application
ADDED from src\main\AndroidManifest.xml:8:5-38:19
INJECTED from src\main\AndroidManifest.xml:8:5-38:19
MERGED from [com.google.firebase:firebase-messaging:24.0.0] AndroidManifest.xml:28:5-64:19
MERGED from [com.google.firebase:firebase-messaging:24.0.0] AndroidManifest.xml:28:5-64:19
MERGED from [com.google.android.gms:play-services-base:18.0.1] AndroidManifest.xml:19:5-23:19
MERGED from [com.google.android.gms:play-services-base:18.0.1] AndroidManifest.xml:19:5-23:19
MERGED from [com.google.firebase:firebase-installations:17.2.0] AndroidManifest.xml:11:5-22:19
MERGED from [com.google.firebase:firebase-installations:17.2.0] AndroidManifest.xml:11:5-22:19
MERGED from [com.google.firebase:firebase-common-ktx:21.0.0] AndroidManifest.xml:8:5-16:19
MERGED from [com.google.firebase:firebase-common-ktx:21.0.0] AndroidManifest.xml:8:5-16:19
MERGED from [com.google.firebase:firebase-common:21.0.0] AndroidManifest.xml:22:5-39:19
MERGED from [com.google.firebase:firebase-common:21.0.0] AndroidManifest.xml:22:5-39:19
MERGED from [com.google.firebase:firebase-iid-interop:17.1.0] AndroidManifest.xml:7:5-8:19
MERGED from [com.google.firebase:firebase-iid-interop:17.1.0] AndroidManifest.xml:7:5-8:19
MERGED from [com.google.firebase:firebase-measurement-connector:19.0.0] AndroidManifest.xml:22:5-23:19
MERGED from [com.google.firebase:firebase-measurement-connector:19.0.0] AndroidManifest.xml:22:5-23:19
MERGED from [com.google.android.gms:play-services-stats:17.0.2] AndroidManifest.xml:7:5-20
MERGED from [com.google.android.gms:play-services-stats:17.0.2] AndroidManifest.xml:7:5-20
MERGED from [androidx.compose.ui:ui-test-manifest:1.6.4] AndroidManifest.xml:22:5-26:19
MERGED from [androidx.compose.ui:ui-test-manifest:1.6.4] AndroidManifest.xml:22:5-26:19
MERGED from [androidx.compose.ui:ui-tooling-android:1.6.4] AndroidManifest.xml:22:5-26:19
MERGED from [androidx.compose.ui:ui-tooling-android:1.6.4] AndroidManifest.xml:22:5-26:19
MERGED from [androidx.emoji2:emoji2:1.3.0] AndroidManifest.xml:23:5-33:19
MERGED from [androidx.emoji2:emoji2:1.3.0] AndroidManifest.xml:23:5-33:19
MERGED from [androidx.lifecycle:lifecycle-process:2.7.0] AndroidManifest.xml:23:5-33:19
MERGED from [androidx.lifecycle:lifecycle-process:2.7.0] AndroidManifest.xml:23:5-33:19
MERGED from [com.google.android.gms:play-services-tasks:18.1.0] AndroidManifest.xml:5:5-20
MERGED from [com.google.android.gms:play-services-tasks:18.1.0] AndroidManifest.xml:5:5-20
MERGED from [com.google.android.gms:play-services-basement:18.3.0] AndroidManifest.xml:20:5-24:19
MERGED from [com.google.android.gms:play-services-basement:18.3.0] AndroidManifest.xml:20:5-24:19
MERGED from [androidx.core:core:1.12.0] AndroidManifest.xml:28:5-89
MERGED from [androidx.core:core:1.12.0] AndroidManifest.xml:28:5-89
MERGED from [androidx.room:room-runtime:2.6.1] AndroidManifest.xml:23:5-29:19
MERGED from [androidx.room:room-runtime:2.6.1] AndroidManifest.xml:23:5-29:19
MERGED from [androidx.versionedparcelable:versionedparcelable:1.1.1] AndroidManifest.xml:24:5-25:19
MERGED from [androidx.versionedparcelable:versionedparcelable:1.1.1] AndroidManifest.xml:24:5-25:19
MERGED from [com.google.firebase:firebase-datatransport:18.2.0] AndroidManifest.xml:21:5-29:19
MERGED from [com.google.firebase:firebase-datatransport:18.2.0] AndroidManifest.xml:21:5-29:19
MERGED from [com.google.android.datatransport:transport-backend-cct:3.1.9] AndroidManifest.xml:27:5-35:19
MERGED from [com.google.android.datatransport:transport-backend-cct:3.1.9] AndroidManifest.xml:27:5-35:19
MERGED from [com.google.android.datatransport:transport-runtime:3.1.9] AndroidManifest.xml:25:5-39:19
MERGED from [com.google.android.datatransport:transport-runtime:3.1.9] AndroidManifest.xml:25:5-39:19
MERGED from [androidx.profileinstaller:profileinstaller:1.3.0] AndroidManifest.xml:23:5-53:19
MERGED from [androidx.profileinstaller:profileinstaller:1.3.0] AndroidManifest.xml:23:5-53:19
MERGED from [androidx.startup:startup-runtime:1.1.1] AndroidManifest.xml:25:5-31:19
MERGED from [androidx.startup:startup-runtime:1.1.1] AndroidManifest.xml:25:5-31:19
	android:extractNativeLibs
		INJECTED from src\main\AndroidManifest.xml
	android:roundIcon
		ADDED from src\main\AndroidManifest.xml:17:9-54
	android:icon
		ADDED from src\main\AndroidManifest.xml:13:9-43
	android:networkSecurityConfig
		ADDED from src\main\AndroidManifest.xml:15:9-69
	android:appComponentFactory
		ADDED from [androidx.core:core:1.12.0] AndroidManifest.xml:28:18-86
	android:supportsRtl
		ADDED from src\main\AndroidManifest.xml:18:9-35
	android:label
		ADDED from src\main\AndroidManifest.xml:16:9-41
	android:fullBackupContent
		ADDED from src\main\AndroidManifest.xml:12:9-54
	tools:targetApi
		ADDED from src\main\AndroidManifest.xml:20:9-29
	android:allowBackup
		ADDED from src\main\AndroidManifest.xml:10:9-35
	android:theme
		ADDED from src\main\AndroidManifest.xml:19:9-49
	android:dataExtractionRules
		ADDED from src\main\AndroidManifest.xml:11:9-65
	android:usesCleartextTraffic
		ADDED from src\main\AndroidManifest.xml:14:9-44
	android:name
		ADDED from src\main\AndroidManifest.xml:9:9-35
activity#com.serrano.dictproject.activity.MainActivity
ADDED from src\main\AndroidManifest.xml:21:9-30:20
	android:exported
		ADDED from src\main\AndroidManifest.xml:23:13-36
	android:theme
		ADDED from src\main\AndroidManifest.xml:24:13-53
	android:name
		ADDED from src\main\AndroidManifest.xml:22:13-50
intent-filter#action:name:android.intent.action.MAIN+category:name:android.intent.category.LAUNCHER
ADDED from src\main\AndroidManifest.xml:25:13-29:29
action#android.intent.action.MAIN
ADDED from src\main\AndroidManifest.xml:26:17-69
	android:name
		ADDED from src\main\AndroidManifest.xml:26:25-66
category#android.intent.category.LAUNCHER
ADDED from src\main\AndroidManifest.xml:28:17-77
	android:name
		ADDED from src\main\AndroidManifest.xml:28:27-74
service#com.serrano.dictproject.api.PushNotificationService
ADDED from src\main\AndroidManifest.xml:31:9-37:19
	android:exported
		ADDED from src\main\AndroidManifest.xml:33:13-37
	android:name
		ADDED from src\main\AndroidManifest.xml:32:13-56
intent-filter#action:name:com.google.firebase.MESSAGING_EVENT
ADDED from src\main\AndroidManifest.xml:34:13-36:29
action#com.google.firebase.MESSAGING_EVENT
ADDED from src\main\AndroidManifest.xml:35:17-78
	android:name
		ADDED from src\main\AndroidManifest.xml:35:25-75
uses-sdk
INJECTED from src\main\AndroidManifest.xml reason: use-sdk injection requested
INJECTED from src\main\AndroidManifest.xml
INJECTED from src\main\AndroidManifest.xml
MERGED from [androidx.compose.material3:material3:1.1.1] AndroidManifest.xml:20:5-44
MERGED from [androidx.compose.material3:material3:1.1.1] AndroidManifest.xml:20:5-44
MERGED from [androidx.hilt:hilt-navigation-compose:1.2.0] AndroidManifest.xml:5:5-44
MERGED from [androidx.hilt:hilt-navigation-compose:1.2.0] AndroidManifest.xml:5:5-44
MERGED from [androidx.hilt:hilt-navigation:1.2.0] AndroidManifest.xml:5:5-44
MERGED from [androidx.hilt:hilt-navigation:1.2.0] AndroidManifest.xml:5:5-44
MERGED from [com.google.dagger:hilt-android:2.49] AndroidManifest.xml:18:3-42
MERGED from [com.google.dagger:hilt-android:2.49] AndroidManifest.xml:18:3-42
MERGED from [com.google.firebase:firebase-messaging:24.0.0] AndroidManifest.xml:20:5-44
MERGED from [com.google.firebase:firebase-messaging:24.0.0] AndroidManifest.xml:20:5-44
MERGED from [com.google.android.gms:play-services-base:18.0.1] AndroidManifest.xml:18:5-43
MERGED from [com.google.android.gms:play-services-base:18.0.1] AndroidManifest.xml:18:5-43
MERGED from [com.google.firebase:firebase-installations:17.2.0] AndroidManifest.xml:5:5-44
MERGED from [com.google.firebase:firebase-installations:17.2.0] AndroidManifest.xml:5:5-44
MERGED from [com.google.firebase:firebase-common-ktx:21.0.0] AndroidManifest.xml:5:5-44
MERGED from [com.google.firebase:firebase-common-ktx:21.0.0] AndroidManifest.xml:5:5-44
MERGED from [com.google.firebase:firebase-common:21.0.0] AndroidManifest.xml:19:5-44
MERGED from [com.google.firebase:firebase-common:21.0.0] AndroidManifest.xml:19:5-44
MERGED from [com.google.firebase:firebase-iid-interop:17.1.0] AndroidManifest.xml:5:5-44
MERGED from [com.google.firebase:firebase-iid-interop:17.1.0] AndroidManifest.xml:5:5-44
MERGED from [com.google.firebase:firebase-measurement-connector:19.0.0] AndroidManifest.xml:20:5-44
MERGED from [com.google.firebase:firebase-measurement-connector:19.0.0] AndroidManifest.xml:20:5-44
MERGED from [com.google.android.gms:play-services-cloud-messaging:17.2.0] AndroidManifest.xml:5:5-44
MERGED from [com.google.android.gms:play-services-cloud-messaging:17.2.0] AndroidManifest.xml:5:5-44
MERGED from [com.google.android.gms:play-services-stats:17.0.2] AndroidManifest.xml:5:5-44
MERGED from [com.google.android.gms:play-services-stats:17.0.2] AndroidManifest.xml:5:5-44
MERGED from [com.google.firebase:firebase-installations-interop:17.1.1] AndroidManifest.xml:17:5-44
MERGED from [com.google.firebase:firebase-installations-interop:17.1.1] AndroidManifest.xml:17:5-44
MERGED from [androidx.datastore:datastore-rxjava2:1.0.0] AndroidManifest.xml:20:5-22:41
MERGED from [androidx.datastore:datastore-rxjava2:1.0.0] AndroidManifest.xml:20:5-22:41
MERGED from [androidx.datastore:datastore-rxjava3:1.0.0] AndroidManifest.xml:20:5-22:41
MERGED from [androidx.datastore:datastore-rxjava3:1.0.0] AndroidManifest.xml:20:5-22:41
MERGED from [androidx.datastore:datastore:1.0.0] AndroidManifest.xml:20:5-22:41
MERGED from [androidx.datastore:datastore:1.0.0] AndroidManifest.xml:20:5-22:41
MERGED from [androidx.navigation:navigation-compose:2.5.1] AndroidManifest.xml:20:5-22:41
MERGED from [androidx.navigation:navigation-compose:2.5.1] AndroidManifest.xml:20:5-22:41
MERGED from [androidx.legacy:legacy-support-core-utils:1.0.0] AndroidManifest.xml:20:5-44
MERGED from [androidx.legacy:legacy-support-core-utils:1.0.0] AndroidManifest.xml:20:5-44
MERGED from [androidx.loader:loader:1.0.0] AndroidManifest.xml:20:5-44
MERGED from [androidx.loader:loader:1.0.0] AndroidManifest.xml:20:5-44
MERGED from [com.google.accompanist:accompanist-swiperefresh:0.27.0] AndroidManifest.xml:20:5-22:41
MERGED from [com.google.accompanist:accompanist-swiperefresh:0.27.0] AndroidManifest.xml:20:5-22:41
MERGED from [androidx.compose.material:material-ripple-android:1.6.4] AndroidManifest.xml:5:5-44
MERGED from [androidx.compose.material:material-ripple-android:1.6.4] AndroidManifest.xml:5:5-44
MERGED from [androidx.compose.animation:animation-core-android:1.6.4] AndroidManifest.xml:5:5-44
MERGED from [androidx.compose.animation:animation-core-android:1.6.4] AndroidManifest.xml:5:5-44
MERGED from [androidx.compose.animation:animation-android:1.6.4] AndroidManifest.xml:5:5-44
MERGED from [androidx.compose.animation:animation-android:1.6.4] AndroidManifest.xml:5:5-44
MERGED from [androidx.compose.foundation:foundation-layout-android:1.6.4] AndroidManifest.xml:5:5-44
MERGED from [androidx.compose.foundation:foundation-layout-android:1.6.4] AndroidManifest.xml:5:5-44
MERGED from [androidx.compose.foundation:foundation-android:1.6.4] AndroidManifest.xml:5:5-44
MERGED from [androidx.compose.foundation:foundation-android:1.6.4] AndroidManifest.xml:5:5-44
MERGED from [androidx.compose.ui:ui-tooling-data-android:1.6.4] AndroidManifest.xml:5:5-44
MERGED from [androidx.compose.ui:ui-tooling-data-android:1.6.4] AndroidManifest.xml:5:5-44
MERGED from [androidx.compose.ui:ui-unit-android:1.6.4] AndroidManifest.xml:5:5-44
MERGED from [androidx.compose.ui:ui-unit-android:1.6.4] AndroidManifest.xml:5:5-44
MERGED from [androidx.compose.ui:ui-tooling-preview-android:1.6.4] AndroidManifest.xml:20:5-44
MERGED from [androidx.compose.ui:ui-tooling-preview-android:1.6.4] AndroidManifest.xml:20:5-44
MERGED from [androidx.compose.ui:ui-graphics-android:1.6.4] AndroidManifest.xml:5:5-44
MERGED from [androidx.compose.ui:ui-graphics-android:1.6.4] AndroidManifest.xml:5:5-44
MERGED from [androidx.compose.ui:ui-geometry-android:1.6.4] AndroidManifest.xml:5:5-44
MERGED from [androidx.compose.ui:ui-geometry-android:1.6.4] AndroidManifest.xml:5:5-44
MERGED from [androidx.compose.ui:ui-test-manifest:1.6.4] AndroidManifest.xml:20:5-44
MERGED from [androidx.compose.ui:ui-test-manifest:1.6.4] AndroidManifest.xml:20:5-44
MERGED from [androidx.compose.ui:ui-util-android:1.6.4] AndroidManifest.xml:5:5-44
MERGED from [androidx.compose.ui:ui-util-android:1.6.4] AndroidManifest.xml:5:5-44
MERGED from [androidx.compose.ui:ui-text-android:1.6.4] AndroidManifest.xml:5:5-44
MERGED from [androidx.compose.ui:ui-text-android:1.6.4] AndroidManifest.xml:5:5-44
MERGED from [androidx.compose.ui:ui-tooling-android:1.6.4] AndroidManifest.xml:20:5-44
MERGED from [androidx.compose.ui:ui-tooling-android:1.6.4] AndroidManifest.xml:20:5-44
MERGED from [androidx.compose.material:material-android:1.6.4] AndroidManifest.xml:5:5-44
MERGED from [androidx.compose.material:material-android:1.6.4] AndroidManifest.xml:5:5-44
MERGED from [androidx.compose.material:material-icons-extended-android:1.6.4] AndroidManifest.xml:5:5-44
MERGED from [androidx.compose.material:material-icons-extended-android:1.6.4] AndroidManifest.xml:5:5-44
MERGED from [androidx.compose.material:material-icons-core-android:1.6.4] AndroidManifest.xml:5:5-44
MERGED from [androidx.compose.material:material-icons-core-android:1.6.4] AndroidManifest.xml:5:5-44
MERGED from [androidx.compose.ui:ui-android:1.6.4] AndroidManifest.xml:5:5-44
MERGED from [androidx.compose.ui:ui-android:1.6.4] AndroidManifest.xml:5:5-44
MERGED from [androidx.emoji2:emoji2:1.3.0] AndroidManifest.xml:21:5-44
MERGED from [androidx.emoji2:emoji2:1.3.0] AndroidManifest.xml:21:5-44
MERGED from [androidx.lifecycle:lifecycle-process:2.7.0] AndroidManifest.xml:21:5-44
MERGED from [androidx.lifecycle:lifecycle-process:2.7.0] AndroidManifest.xml:21:5-44
MERGED from [androidx.lifecycle:lifecycle-livedata-core-ktx:2.7.0] AndroidManifest.xml:5:5-44
MERGED from [androidx.lifecycle:lifecycle-livedata-core-ktx:2.7.0] AndroidManifest.xml:5:5-44
MERGED from [androidx.lifecycle:lifecycle-livedata:2.7.0] AndroidManifest.xml:20:5-44
MERGED from [androidx.lifecycle:lifecycle-livedata:2.7.0] AndroidManifest.xml:20:5-44
MERGED from [androidx.lifecycle:lifecycle-livedata-core:2.7.0] AndroidManifest.xml:20:5-44
MERGED from [androidx.lifecycle:lifecycle-livedata-core:2.7.0] AndroidManifest.xml:20:5-44
MERGED from [androidx.navigation:navigation-runtime-ktx:2.5.1] AndroidManifest.xml:20:5-22:41
MERGED from [androidx.navigation:navigation-runtime-ktx:2.5.1] AndroidManifest.xml:20:5-22:41
MERGED from [androidx.navigation:navigation-runtime:2.5.1] AndroidManifest.xml:20:5-22:41
MERGED from [androidx.navigation:navigation-runtime:2.5.1] AndroidManifest.xml:20:5-22:41
MERGED from [androidx.navigation:navigation-common-ktx:2.5.1] AndroidManifest.xml:20:5-22:41
MERGED from [androidx.navigation:navigation-common-ktx:2.5.1] AndroidManifest.xml:20:5-22:41
MERGED from [androidx.navigation:navigation-common:2.5.1] AndroidManifest.xml:20:5-22:41
MERGED from [androidx.navigation:navigation-common:2.5.1] AndroidManifest.xml:20:5-22:41
MERGED from [androidx.lifecycle:lifecycle-viewmodel-ktx:2.7.0] AndroidManifest.xml:5:5-44
MERGED from [androidx.lifecycle:lifecycle-viewmodel-ktx:2.7.0] AndroidManifest.xml:5:5-44
MERGED from [androidx.lifecycle:lifecycle-viewmodel-compose:2.7.0] AndroidManifest.xml:5:5-44
MERGED from [androidx.lifecycle:lifecycle-viewmodel-compose:2.7.0] AndroidManifest.xml:5:5-44
MERGED from [androidx.lifecycle:lifecycle-viewmodel-savedstate:2.7.0] AndroidManifest.xml:20:5-44
MERGED from [androidx.lifecycle:lifecycle-viewmodel-savedstate:2.7.0] AndroidManifest.xml:20:5-44
MERGED from [androidx.lifecycle:lifecycle-viewmodel:2.7.0] AndroidManifest.xml:20:5-44
MERGED from [androidx.lifecycle:lifecycle-viewmodel:2.7.0] AndroidManifest.xml:20:5-44
MERGED from [androidx.savedstate:savedstate-ktx:1.2.1] AndroidManifest.xml:20:5-44
MERGED from [androidx.savedstate:savedstate-ktx:1.2.1] AndroidManifest.xml:20:5-44
MERGED from [androidx.savedstate:savedstate:1.2.1] AndroidManifest.xml:20:5-44
MERGED from [androidx.savedstate:savedstate:1.2.1] AndroidManifest.xml:20:5-44
MERGED from [androidx.compose.runtime:runtime-saveable-android:1.6.4] AndroidManifest.xml:5:5-44
MERGED from [androidx.compose.runtime:runtime-saveable-android:1.6.4] AndroidManifest.xml:5:5-44
MERGED from [androidx.compose.runtime:runtime-android:1.6.4] AndroidManifest.xml:5:5-44
MERGED from [androidx.compose.runtime:runtime-android:1.6.4] AndroidManifest.xml:5:5-44
MERGED from [com.google.android.gms:play-services-tasks:18.1.0] AndroidManifest.xml:4:5-43
MERGED from [com.google.android.gms:play-services-tasks:18.1.0] AndroidManifest.xml:4:5-43
MERGED from [com.google.android.gms:play-services-basement:18.3.0] AndroidManifest.xml:18:5-43
MERGED from [com.google.android.gms:play-services-basement:18.3.0] AndroidManifest.xml:18:5-43
MERGED from [androidx.fragment:fragment:1.5.1] AndroidManifest.xml:20:5-22:41
MERGED from [androidx.fragment:fragment:1.5.1] AndroidManifest.xml:20:5-22:41
MERGED from [androidx.activity:activity:1.8.2] AndroidManifest.xml:20:5-44
MERGED from [androidx.activity:activity:1.8.2] AndroidManifest.xml:20:5-44
MERGED from [androidx.activity:activity-compose:1.8.2] AndroidManifest.xml:5:5-44
MERGED from [androidx.activity:activity-compose:1.8.2] AndroidManifest.xml:5:5-44
MERGED from [androidx.activity:activity-ktx:1.8.2] AndroidManifest.xml:5:5-44
MERGED from [androidx.activity:activity-ktx:1.8.2] AndroidManifest.xml:5:5-44
MERGED from [androidx.customview:customview-poolingcontainer:1.0.0] AndroidManifest.xml:20:5-21:38
MERGED from [androidx.customview:customview-poolingcontainer:1.0.0] AndroidManifest.xml:20:5-21:38
MERGED from [androidx.core:core-ktx:1.12.0] AndroidManifest.xml:5:5-44
MERGED from [androidx.core:core-ktx:1.12.0] AndroidManifest.xml:5:5-44
MERGED from [androidx.viewpager:viewpager:1.0.0] AndroidManifest.xml:20:5-44
MERGED from [androidx.viewpager:viewpager:1.0.0] AndroidManifest.xml:20:5-44
MERGED from [androidx.customview:customview:1.0.0] AndroidManifest.xml:20:5-44
MERGED from [androidx.customview:customview:1.0.0] AndroidManifest.xml:20:5-44
MERGED from [androidx.autofill:autofill:1.0.0] AndroidManifest.xml:20:5-22:41
MERGED from [androidx.autofill:autofill:1.0.0] AndroidManifest.xml:20:5-22:41
MERGED from [androidx.core:core:1.12.0] AndroidManifest.xml:20:5-44
MERGED from [androidx.core:core:1.12.0] AndroidManifest.xml:20:5-44
MERGED from [androidx.lifecycle:lifecycle-runtime:2.7.0] AndroidManifest.xml:5:5-44
MERGED from [androidx.lifecycle:lifecycle-runtime:2.7.0] AndroidManifest.xml:5:5-44
MERGED from [androidx.lifecycle:lifecycle-runtime-ktx:2.7.0] AndroidManifest.xml:20:5-44
MERGED from [androidx.lifecycle:lifecycle-runtime-ktx:2.7.0] AndroidManifest.xml:20:5-44
MERGED from [androidx.room:room-runtime:2.6.1] AndroidManifest.xml:21:5-44
MERGED from [androidx.room:room-runtime:2.6.1] AndroidManifest.xml:21:5-44
MERGED from [androidx.room:room-ktx:2.6.1] AndroidManifest.xml:20:5-44
MERGED from [androidx.room:room-ktx:2.6.1] AndroidManifest.xml:20:5-44
MERGED from [androidx.annotation:annotation-experimental:1.3.1] AndroidManifest.xml:20:5-44
MERGED from [androidx.annotation:annotation-experimental:1.3.1] AndroidManifest.xml:20:5-44